#
# A fatal error has been detected by the Java Runtime Environment:
#
#  Internal Error (javaClasses.cpp:129), pid=7018, tid=3079080816
#  fatal error: Invalid layout of preloaded class
#
# JRE version: 7.0_07-b10
# Java VM: Java HotSpot(TM) Client VM (23.3-b01 mixed mode linux-x86 )
# Failed to write core dump. Core dumps have been disabled. To enable core dumping, try "ulimit -c unlimited" before starting Java again
#
# If you would like to submit a bug report, please visit:
#   http://bugreport.sun.com/bugreport/crash.jsp
#

---------------  T H R E A D  ---------------

Current thread (0x08248800):  JavaThread "Unknown thread" [_thread_in_vm, id=7020, stack(0xb7820000,0xb7871000)]

Stack: [0xb7820000,0xb7871000],  sp=0xb786fdc0,  free space=319k
Native frames: (J=compiled Java code, j=interpreted, Vv=VM code, C=native code)
V  [libjvm.so+0x48fe79]  VMError::report_and_die()+0x199
V  [libjvm.so+0x1c49ec]  report_fatal(char const*, int, char const*)+0x4c
V  [libjvm.so+0x281d80]  compute_offset(int&, klassOopDesc*, Symbol*, Symbol*, bool)+0x110
V  [libjvm.so+0x286314]  java_lang_String::compute_offsets()+0x44
V  [libjvm.so+0x433555]  SystemDictionary::initialize_preloaded_classes(Thread*)+0x225
V  [libjvm.so+0x4711a8]  Universe::genesis(Thread*)+0x3f8
V  [libjvm.so+0x47161f]  universe2_init()+0x1f
V  [libjvm.so+0x247eb0]  init_globals()+0xa0
V  [libjvm.so+0x462979]  Threads::create_vm(JavaVMInitArgs*, bool*)+0x1f9
V  [libjvm.so+0x28f8fc]  JNI_CreateJavaVM+0x5c
C  [libjli.so+0x2a61]  JavaMain+0xa1
C  [libpthread.so.0+0x5e99]  start_thread+0xd9


---------------  P R O C E S S  ---------------

Java Threads: ( => current thread )

Other Threads:

=>0x08248800 (exited) JavaThread "Unknown thread" [_thread_in_vm, id=7020, stack(0xb7820000,0xb7871000)]

VM state:not at safepoint (not fully initialized)

VM Mutex/Monitor currently owned by a thread: None

GC Heap History (0 events):
No events

Deoptimization events (0 events):
No events

Internal exceptions (0 events):
No events

Events (10 events):
Event: 0.012 loading class 0x082702c8 done
Event: 0.012 loading class 0x0826fc08 done
Event: 0.012 loading class 0x0826fbe0
Event: 0.013 loading class 0x0828f948
Event: 0.013 loading class 0x0828f948 done
Event: 0.013 loading class 0x0828f980
Event: 0.013 loading class 0x0828f980 done
Event: 0.013 loading class 0x0828f9b8
Event: 0.013 loading class 0x0828f9b8 done
Event: 0.013 loading class 0x0826fbe0 done


Dynamic libraries:
00110000-0011b000 r-xp 00000000 08:05 810394     /usr/lib/jvm/java-7-oracle/jre/lib/i386/libverify.so
0011b000-0011c000 rw-p 0000b000 08:05 810394     /usr/lib/jvm/java-7-oracle/jre/lib/i386/libverify.so
00128000-00284000 r-xp 00000000 08:05 276955     /lib/i386-linux-gnu/libc-2.13.so
00284000-00286000 r--p 0015c000 08:05 276955     /lib/i386-linux-gnu/libc-2.13.so
00286000-00287000 rw-p 0015e000 08:05 276955     /lib/i386-linux-gnu/libc-2.13.so
00287000-0028a000 rw-p 00000000 00:00 0 
002cb000-002d1000 r-xp 00000000 08:05 277293     /lib/i386-linux-gnu/libnss_compat-2.13.so
002d1000-002d2000 r--p 00005000 08:05 277293     /lib/i386-linux-gnu/libnss_compat-2.13.so
002d2000-002d3000 rw-p 00006000 08:05 277293     /lib/i386-linux-gnu/libnss_compat-2.13.so
002d6000-002f2000 r-xp 00000000 08:05 276047     /lib/i386-linux-gnu/ld-2.13.so
002f2000-002f3000 r--p 0001b000 08:05 276047     /lib/i386-linux-gnu/ld-2.13.so
002f3000-002f4000 rw-p 0001c000 08:05 276047     /lib/i386-linux-gnu/ld-2.13.so
00331000-00344000 r-xp 00000000 08:05 810416     /usr/lib/jvm/java-7-oracle/jre/lib/i386/jli/libjli.so
00344000-00345000 rw-p 00012000 08:05 810416     /usr/lib/jvm/java-7-oracle/jre/lib/i386/jli/libjli.so
003de000-003f1000 r-xp 00000000 08:05 277292     /lib/i386-linux-gnu/libnsl-2.13.so
003f1000-003f2000 r--p 00012000 08:05 277292     /lib/i386-linux-gnu/libnsl-2.13.so
003f2000-003f3000 rw-p 00013000 08:05 277292     /lib/i386-linux-gnu/libnsl-2.13.so
003f3000-003f5000 rw-p 00000000 00:00 0 
00423000-00447000 r-xp 00000000 08:05 277220     /lib/i386-linux-gnu/libm-2.13.so
00447000-00448000 r--p 00023000 08:05 277220     /lib/i386-linux-gnu/libm-2.13.so
00448000-00449000 rw-p 00024000 08:05 277220     /lib/i386-linux-gnu/libm-2.13.so
00601000-00618000 r-xp 00000000 08:05 810450     /usr/lib/jvm/java-7-oracle/jre/lib/i386/libzip.so
00618000-00619000 rw-p 00017000 08:05 810450     /usr/lib/jvm/java-7-oracle/jre/lib/i386/libzip.so
006d6000-006eb000 r-xp 00000000 08:05 277336     /lib/i386-linux-gnu/libpthread-2.13.so
006eb000-006ec000 r--p 00015000 08:05 277336     /lib/i386-linux-gnu/libpthread-2.13.so
006ec000-006ed000 rw-p 00016000 08:05 277336     /lib/i386-linux-gnu/libpthread-2.13.so
006ed000-006ef000 rw-p 00000000 00:00 0 
008e3000-008ed000 r-xp 00000000 08:05 277295     /lib/i386-linux-gnu/libnss_files-2.13.so
008ed000-008ee000 r--p 00009000 08:05 277295     /lib/i386-linux-gnu/libnss_files-2.13.so
008ee000-008ef000 rw-p 0000a000 08:05 277295     /lib/i386-linux-gnu/libnss_files-2.13.so
00a85000-00a8e000 r-xp 00000000 08:05 277297     /lib/i386-linux-gnu/libnss_nis-2.13.so
00a8e000-00a8f000 r--p 00008000 08:05 277297     /lib/i386-linux-gnu/libnss_nis-2.13.so
00a8f000-00a90000 rw-p 00009000 08:05 277297     /lib/i386-linux-gnu/libnss_nis-2.13.so
00c86000-00ca9000 r-xp 00000000 08:05 810412     /usr/lib/jvm/java-7-oracle/jre/lib/i386/libjava.so
00ca9000-00caa000 rw-p 00023000 08:05 810412     /usr/lib/jvm/java-7-oracle/jre/lib/i386/libjava.so
00e06000-00e0d000 r-xp 00000000 08:05 277339     /lib/i386-linux-gnu/librt-2.13.so
00e0d000-00e0e000 r--p 00006000 08:05 277339     /lib/i386-linux-gnu/librt-2.13.so
00e0e000-00e0f000 rw-p 00007000 08:05 277339     /lib/i386-linux-gnu/librt-2.13.so
00e8b000-00e8d000 r-xp 00000000 08:05 277218     /lib/i386-linux-gnu/libdl-2.13.so
00e8d000-00e8e000 r--p 00001000 08:05 277218     /lib/i386-linux-gnu/libdl-2.13.so
00e8e000-00e8f000 rw-p 00002000 08:05 277218     /lib/i386-linux-gnu/libdl-2.13.so
00ea3000-00ea4000 r-xp 00000000 00:00 0          [vdso]
00ea4000-013b7000 r-xp 00000000 08:05 810407     /usr/lib/jvm/java-7-oracle/jre/lib/i386/client/libjvm.so
013b7000-013d4000 rw-p 00513000 08:05 810407     /usr/lib/jvm/java-7-oracle/jre/lib/i386/client/libjvm.so
013d4000-017f3000 rw-p 00000000 00:00 0 
08048000-08049000 r-xp 00000000 08:05 809877     /usr/lib/jvm/java-7-oracle/bin/java
08049000-0804a000 rw-p 00000000 08:05 809877     /usr/lib/jvm/java-7-oracle/bin/java
08241000-082a5000 rw-p 00000000 00:00 0          [heap]
a1c7d000-a1dcd000 rw-p 00000000 00:00 0 
a1dcd000-a1e8f000 r--s 010b9000 08:05 1193875    /home/tlchack5/android-sdk-linux/platforms/android-16/android.jar
a1e8f000-a1e96000 rw-p 00000000 00:00 0 
a1e96000-a1eb0000 rw-p 00000000 00:00 0 
a1eb0000-a1eb6000 rw-p 00000000 00:00 0 
a1eb6000-a1f03000 rw-p 00000000 00:00 0 
a1f03000-a1f06000 rw-p 00000000 00:00 0 
a1f06000-a1f2c000 rw-p 00000000 00:00 0 
a1f2c000-a1f32000 rw-p 00000000 00:00 0 
a1f32000-a1f7f000 rw-p 00000000 00:00 0 
a1f7f000-a1f85000 rw-p 00000000 00:00 0 
a1f85000-a1f9f000 rw-p 00000000 00:00 0 
a1f9f000-a24c0000 rw-p 00000000 00:00 0 
a24c0000-a7240000 rw-p 00000000 00:00 0 
a7240000-a7ca0000 rw-p 00000000 00:00 0 
a7ca0000-b17a0000 rw-p 00000000 00:00 0 
b17a0000-b23a0000 rw-p 00000000 00:00 0 
b23a0000-b57a0000 rw-p 00000000 00:00 0 
b57a0000-b57a1000 rw-p 00000000 00:00 0 
b57a1000-b5820000 rw-p 00000000 00:00 0 
b5820000-b5850000 rwxp 00000000 00:00 0 
b5850000-b7820000 rw-p 00000000 00:00 0 
b7820000-b7823000 ---p 00000000 00:00 0 
b7823000-b7873000 rw-p 00000000 00:00 0 
b787f000-b7887000 rw-s 00000000 08:05 920939     /tmp/hsperfdata_tlchack5/7018
b7887000-b7888000 rw-p 00000000 00:00 0 
b7888000-b7889000 r--p 00000000 00:00 0 
b7889000-b788b000 rw-p 00000000 00:00 0 
bf985000-bf9a6000 rw-p 00000000 00:00 0          [stack]

VM Arguments:
jvm_args: -Dfile.encoding=UTF-8 -Xbootclasspath:/home/tlchack5/android-sdk-linux/platforms/android-16/android.jar 
java_command: org.eclipse.jdt.internal.junit.runner.RemoteTestRunner -version 3 -port 51177 -testLoaderClass org.eclipse.jdt.internal.junit4.runner.JUnit4TestLoader -loaderpluginname org.eclipse.jdt.junit4.runtime -classNames Calendar
Launcher Type: SUN_STANDARD

Environment Variables:
PATH=/home/tlchack5/bin:/usr/local/sbin:/usr/local/bin:/usr/sbin:/usr/bin:/sbin:/bin:/usr/games:/usr/local/go/bin
USERNAME=tlchack5
LD_LIBRARY_PATH=/usr/lib/jvm/java-7-oracle/jre/lib/i386/client:/usr/lib/jvm/java-7-oracle/jre/lib/i386:
SHELL=/bin/bash
DISPLAY=:0

Signal Handlers:
SIGSEGV: [libjvm.so+0x4909c0], sa_mask[0]=0x7ffbfeff, sa_flags=0x10000004
SIGBUS: [libjvm.so+0x4909c0], sa_mask[0]=0x7ffbfeff, sa_flags=0x10000004
SIGFPE: [libjvm.so+0x3a44e0], sa_mask[0]=0x7ffbfeff, sa_flags=0x10000004
SIGPIPE: [libjvm.so+0x3a44e0], sa_mask[0]=0x7ffbfeff, sa_flags=0x10000004
SIGXFSZ: [libjvm.so+0x3a44e0], sa_mask[0]=0x7ffbfeff, sa_flags=0x10000004
SIGILL: [libjvm.so+0x3a44e0], sa_mask[0]=0x7ffbfeff, sa_flags=0x10000004
SIGUSR1: SIG_DFL, sa_mask[0]=0x00000000, sa_flags=0x00000000
SIGUSR2: [libjvm.so+0x3a3dc0], sa_mask[0]=0x00000004, sa_flags=0x10000004
SIGHUP: SIG_DFL, sa_mask[0]=0x00000000, sa_flags=0x00000000
SIGINT: SIG_IGN, sa_mask[0]=0x00000000, sa_flags=0x00000000
SIGTERM: SIG_DFL, sa_mask[0]=0x00000000, sa_flags=0x00000000
SIGQUIT: SIG_DFL, sa_mask[0]=0x00000000, sa_flags=0x00000000


---------------  S Y S T E M  ---------------

OS:squeeze/sid

uname:Linux 2.6.38-8-generic #42-Ubuntu SMP Mon Apr 11 03:31:50 UTC 2011 i686
libc:glibc 2.13 NPTL 2.13 
rlimit: STACK 8192k, CORE 0k, NPROC infinity, NOFILE 4096, AS infinity
load average:0.18 0.12 0.14

/proc/meminfo:
MemTotal:        1015668 kB
MemFree:           47232 kB
Buffers:           30892 kB
Cached:           282064 kB
SwapCached:        24788 kB
Active:           436860 kB
Inactive:         469700 kB
Active(anon):     358952 kB
Inactive(anon):   387316 kB
Active(file):      77908 kB
Inactive(file):    82384 kB
Unevictable:          48 kB
Mlocked:              48 kB
HighTotal:        129612 kB
HighFree:            244 kB
LowTotal:         886056 kB
LowFree:           46988 kB
SwapTotal:        999420 kB
SwapFree:         711672 kB
Dirty:                96 kB
Writeback:             0 kB
AnonPages:        579724 kB
Mapped:            51572 kB
Shmem:            152720 kB
Slab:              24248 kB
SReclaimable:      10696 kB
SUnreclaim:        13552 kB
KernelStack:        3056 kB
PageTables:         7196 kB
NFS_Unstable:          0 kB
Bounce:                0 kB
WritebackTmp:          0 kB
CommitLimit:     1507252 kB
Committed_AS:    2896980 kB
VmallocTotal:     122880 kB
VmallocUsed:       28196 kB
VmallocChunk:      70840 kB
HardwareCorrupted:     0 kB
HugePages_Total:       0
HugePages_Free:        0
HugePages_Rsvd:        0
HugePages_Surp:        0
Hugepagesize:       4096 kB
DirectMap4k:       53240 kB
DirectMap4M:      856064 kB


CPU:total 2 (2 cores per cpu, 1 threads per core) family 6 model 14 stepping 8, cmov, cx8, fxsr, mmx, sse, sse2, sse3, tsc

/proc/cpuinfo:
processor	: 0
vendor_id	: GenuineIntel
cpu family	: 6
model		: 14
model name	: Genuine Intel(R) CPU           T2300  @ 1.66GHz
stepping	: 8
cpu MHz		: 1667.000
cache size	: 2048 KB
physical id	: 0
siblings	: 2
core id		: 0
cpu cores	: 2
apicid		: 0
initial apicid	: 0
fdiv_bug	: no
hlt_bug		: no
f00f_bug	: no
coma_bug	: no
fpu		: yes
fpu_exception	: yes
cpuid level	: 10
wp		: yes
flags		: fpu vme de pse tsc msr pae mce cx8 apic mtrr pge mca cmov clflush dts acpi mmx fxsr sse sse2 ss ht tm pbe nx constant_tsc arch_perfmon bts aperfmperf pni monitor est tm2 xtpr pdcm dts
bogomips	: 3328.62
clflush size	: 64
cache_alignment	: 64
address sizes	: 32 bits physical, 32 bits virtual
power management:

processor	: 1
vendor_id	: GenuineIntel
cpu family	: 6
model		: 14
model name	: Genuine Intel(R) CPU           T2300  @ 1.66GHz
stepping	: 8
cpu MHz		: 1667.000
cache size	: 2048 KB
physical id	: 0
siblings	: 2
core id		: 1
cpu cores	: 2
apicid		: 1
initial apicid	: 1
fdiv_bug	: no
hlt_bug		: no
f00f_bug	: no
coma_bug	: no
fpu		: yes
fpu_exception	: yes
cpuid level	: 10
wp		: yes
flags		: fpu vme de pse tsc msr pae mce cx8 apic mtrr pge mca cmov clflush dts acpi mmx fxsr sse sse2 ss ht tm pbe nx constant_tsc arch_perfmon bts aperfmperf pni monitor est tm2 xtpr pdcm dts
bogomips	: 3329.13
clflush size	: 64
cache_alignment	: 64
address sizes	: 32 bits physical, 32 bits virtual
power management:



Memory: 4k page, physical 1015668k(47232k free), swap 999420k(711672k free)

vm_info: Java HotSpot(TM) Client VM (23.3-b01) for linux-x86 JRE (1.7.0_07-b10), built on Aug 28 2012 18:07:06 by "java_re" with gcc 4.3.0 20080428 (Red Hat 4.3.0-8)

time: Mon Dec 31 16:08:37 2012
elapsed time: 0 seconds

