#
# A fatal error has been detected by the Java Runtime Environment:
#
#  Internal Error (javaClasses.cpp:129), pid=7003, tid=3079220080
#  fatal error: Invalid layout of preloaded class
#
# JRE version: 7.0_07-b10
# Java VM: Java HotSpot(TM) Client VM (23.3-b01 mixed mode linux-x86 )
# Failed to write core dump. Core dumps have been disabled. To enable core dumping, try "ulimit -c unlimited" before starting Java again
#
# If you would like to submit a bug report, please visit:
#   http://bugreport.sun.com/bugreport/crash.jsp
#

---------------  T H R E A D  ---------------

Current thread (0x082bc800):  JavaThread "Unknown thread" [_thread_in_vm, id=7010, stack(0xb7842000,0xb7893000)]

Stack: [0xb7842000,0xb7893000],  sp=0xb7891dc0,  free space=319k
Native frames: (J=compiled Java code, j=interpreted, Vv=VM code, C=native code)
V  [libjvm.so+0x48fe79]  VMError::report_and_die()+0x199
V  [libjvm.so+0x1c49ec]  report_fatal(char const*, int, char const*)+0x4c
V  [libjvm.so+0x281d80]  compute_offset(int&, klassOopDesc*, Symbol*, Symbol*, bool)+0x110
V  [libjvm.so+0x286314]  java_lang_String::compute_offsets()+0x44
V  [libjvm.so+0x433555]  SystemDictionary::initialize_preloaded_classes(Thread*)+0x225
V  [libjvm.so+0x4711a8]  Universe::genesis(Thread*)+0x3f8
V  [libjvm.so+0x47161f]  universe2_init()+0x1f
V  [libjvm.so+0x247eb0]  init_globals()+0xa0
V  [libjvm.so+0x462979]  Threads::create_vm(JavaVMInitArgs*, bool*)+0x1f9
V  [libjvm.so+0x28f8fc]  JNI_CreateJavaVM+0x5c
C  [libjli.so+0x2a61]  JavaMain+0xa1
C  [libpthread.so.0+0x5e99]  start_thread+0xd9


---------------  P R O C E S S  ---------------

Java Threads: ( => current thread )

Other Threads:

=>0x082bc800 (exited) JavaThread "Unknown thread" [_thread_in_vm, id=7010, stack(0xb7842000,0xb7893000)]

VM state:not at safepoint (not fully initialized)

VM Mutex/Monitor currently owned by a thread: None

GC Heap History (0 events):
No events

Deoptimization events (0 events):
No events

Internal exceptions (0 events):
No events

Events (10 events):
Event: 0.089 loading class 0x082e42c8 done
Event: 0.090 loading class 0x082e3c08 done
Event: 0.090 loading class 0x082e3be0
Event: 0.090 loading class 0x08303948
Event: 0.090 loading class 0x08303948 done
Event: 0.090 loading class 0x08303980
Event: 0.090 loading class 0x08303980 done
Event: 0.090 loading class 0x083039b8
Event: 0.090 loading class 0x083039b8 done
Event: 0.091 loading class 0x082e3be0 done


Dynamic libraries:
00110000-00134000 r-xp 00000000 08:05 277220     /lib/i386-linux-gnu/libm-2.13.so
00134000-00135000 r--p 00023000 08:05 277220     /lib/i386-linux-gnu/libm-2.13.so
00135000-00136000 rw-p 00024000 08:05 277220     /lib/i386-linux-gnu/libm-2.13.so
00160000-00167000 r-xp 00000000 08:05 277339     /lib/i386-linux-gnu/librt-2.13.so
00167000-00168000 r--p 00006000 08:05 277339     /lib/i386-linux-gnu/librt-2.13.so
00168000-00169000 rw-p 00007000 08:05 277339     /lib/i386-linux-gnu/librt-2.13.so
0026b000-0027e000 r-xp 00000000 08:05 810416     /usr/lib/jvm/java-7-oracle/jre/lib/i386/jli/libjli.so
0027e000-0027f000 rw-p 00012000 08:05 810416     /usr/lib/jvm/java-7-oracle/jre/lib/i386/jli/libjli.so
0027f000-003db000 r-xp 00000000 08:05 276955     /lib/i386-linux-gnu/libc-2.13.so
003db000-003dd000 r--p 0015c000 08:05 276955     /lib/i386-linux-gnu/libc-2.13.so
003dd000-003de000 rw-p 0015e000 08:05 276955     /lib/i386-linux-gnu/libc-2.13.so
003de000-003e1000 rw-p 00000000 00:00 0 
004d9000-004e4000 r-xp 00000000 08:05 810394     /usr/lib/jvm/java-7-oracle/jre/lib/i386/libverify.so
004e4000-004e5000 rw-p 0000b000 08:05 810394     /usr/lib/jvm/java-7-oracle/jre/lib/i386/libverify.so
00567000-00569000 r-xp 00000000 08:05 277218     /lib/i386-linux-gnu/libdl-2.13.so
00569000-0056a000 r--p 00001000 08:05 277218     /lib/i386-linux-gnu/libdl-2.13.so
0056a000-0056b000 rw-p 00002000 08:05 277218     /lib/i386-linux-gnu/libdl-2.13.so
00665000-00688000 r-xp 00000000 08:05 810412     /usr/lib/jvm/java-7-oracle/jre/lib/i386/libjava.so
00688000-00689000 rw-p 00023000 08:05 810412     /usr/lib/jvm/java-7-oracle/jre/lib/i386/libjava.so
00719000-00730000 r-xp 00000000 08:05 810450     /usr/lib/jvm/java-7-oracle/jre/lib/i386/libzip.so
00730000-00731000 rw-p 00017000 08:05 810450     /usr/lib/jvm/java-7-oracle/jre/lib/i386/libzip.so
008c7000-008cd000 r-xp 00000000 08:05 277293     /lib/i386-linux-gnu/libnss_compat-2.13.so
008cd000-008ce000 r--p 00005000 08:05 277293     /lib/i386-linux-gnu/libnss_compat-2.13.so
008ce000-008cf000 rw-p 00006000 08:05 277293     /lib/i386-linux-gnu/libnss_compat-2.13.so
00992000-009a5000 r-xp 00000000 08:05 277292     /lib/i386-linux-gnu/libnsl-2.13.so
009a5000-009a6000 r--p 00012000 08:05 277292     /lib/i386-linux-gnu/libnsl-2.13.so
009a6000-009a7000 rw-p 00013000 08:05 277292     /lib/i386-linux-gnu/libnsl-2.13.so
009a7000-009a9000 rw-p 00000000 00:00 0 
00a2c000-00a2d000 r-xp 00000000 00:00 0          [vdso]
00a4b000-00a67000 r-xp 00000000 08:05 276047     /lib/i386-linux-gnu/ld-2.13.so
00a67000-00a68000 r--p 0001b000 08:05 276047     /lib/i386-linux-gnu/ld-2.13.so
00a68000-00a69000 rw-p 0001c000 08:05 276047     /lib/i386-linux-gnu/ld-2.13.so
00c2b000-00c35000 r-xp 00000000 08:05 277295     /lib/i386-linux-gnu/libnss_files-2.13.so
00c35000-00c36000 r--p 00009000 08:05 277295     /lib/i386-linux-gnu/libnss_files-2.13.so
00c36000-00c37000 rw-p 0000a000 08:05 277295     /lib/i386-linux-gnu/libnss_files-2.13.so
00d17000-00d20000 r-xp 00000000 08:05 277297     /lib/i386-linux-gnu/libnss_nis-2.13.so
00d20000-00d21000 r--p 00008000 08:05 277297     /lib/i386-linux-gnu/libnss_nis-2.13.so
00d21000-00d22000 rw-p 00009000 08:05 277297     /lib/i386-linux-gnu/libnss_nis-2.13.so
00f98000-00fad000 r-xp 00000000 08:05 277336     /lib/i386-linux-gnu/libpthread-2.13.so
00fad000-00fae000 r--p 00015000 08:05 277336     /lib/i386-linux-gnu/libpthread-2.13.so
00fae000-00faf000 rw-p 00016000 08:05 277336     /lib/i386-linux-gnu/libpthread-2.13.so
00faf000-00fb1000 rw-p 00000000 00:00 0 
00fb1000-014c4000 r-xp 00000000 08:05 810407     /usr/lib/jvm/java-7-oracle/jre/lib/i386/client/libjvm.so
014c4000-014e1000 rw-p 00513000 08:05 810407     /usr/lib/jvm/java-7-oracle/jre/lib/i386/client/libjvm.so
014e1000-01900000 rw-p 00000000 00:00 0 
08048000-08049000 r-xp 00000000 08:05 809877     /usr/lib/jvm/java-7-oracle/bin/java
08049000-0804a000 rw-p 00000000 08:05 809877     /usr/lib/jvm/java-7-oracle/bin/java
082b5000-08319000 rw-p 00000000 00:00 0          [heap]
a1c9d000-a1ded000 rw-p 00000000 00:00 0 
a1ded000-a1eaf000 r--s 010b9000 08:05 1193875    /home/tlchack5/android-sdk-linux/platforms/android-16/android.jar
a1eaf000-a1eb6000 rw-p 00000000 00:00 0 
a1eb6000-a1ed0000 rw-p 00000000 00:00 0 
a1ed0000-a1ed6000 rw-p 00000000 00:00 0 
a1ed6000-a1f23000 rw-p 00000000 00:00 0 
a1f23000-a1f26000 rw-p 00000000 00:00 0 
a1f26000-a1f4c000 rw-p 00000000 00:00 0 
a1f4c000-a1f52000 rw-p 00000000 00:00 0 
a1f52000-a1f9f000 rw-p 00000000 00:00 0 
a1f9f000-a1fa5000 rw-p 00000000 00:00 0 
a1fa5000-a1fbf000 rw-p 00000000 00:00 0 
a1fbf000-a24e0000 rw-p 00000000 00:00 0 
a24e0000-a7260000 rw-p 00000000 00:00 0 
a7260000-a7cc0000 rw-p 00000000 00:00 0 
a7cc0000-b17c0000 rw-p 00000000 00:00 0 
b17c0000-b23c0000 rw-p 00000000 00:00 0 
b23c0000-b57c0000 rw-p 00000000 00:00 0 
b57c2000-b57c3000 rw-p 00000000 00:00 0 
b57c3000-b5842000 rw-p 00000000 00:00 0 
b5842000-b5872000 rwxp 00000000 00:00 0 
b5872000-b7842000 rw-p 00000000 00:00 0 
b7842000-b7845000 ---p 00000000 00:00 0 
b7845000-b7895000 rw-p 00000000 00:00 0 
b78a1000-b78a9000 rw-s 00000000 08:05 920939     /tmp/hsperfdata_tlchack5/7003
b78a9000-b78aa000 rw-p 00000000 00:00 0 
b78aa000-b78ab000 r--p 00000000 00:00 0 
b78ab000-b78ad000 rw-p 00000000 00:00 0 
bfc50000-bfc71000 rw-p 00000000 00:00 0          [stack]

VM Arguments:
jvm_args: -Dfile.encoding=UTF-8 -Xbootclasspath:/home/tlchack5/android-sdk-linux/platforms/android-16/android.jar 
java_command: org.eclipse.jdt.internal.junit.runner.RemoteTestRunner -version 3 -port 49080 -testLoaderClass org.eclipse.jdt.internal.junit4.runner.JUnit4TestLoader -loaderpluginname org.eclipse.jdt.junit4.runtime -classNames Calendar
Launcher Type: SUN_STANDARD

Environment Variables:
PATH=/home/tlchack5/bin:/usr/local/sbin:/usr/local/bin:/usr/sbin:/usr/bin:/sbin:/bin:/usr/games:/usr/local/go/bin
USERNAME=tlchack5
LD_LIBRARY_PATH=/usr/lib/jvm/java-7-oracle/jre/lib/i386/client:/usr/lib/jvm/java-7-oracle/jre/lib/i386:
SHELL=/bin/bash
DISPLAY=:0

Signal Handlers:
SIGSEGV: [libjvm.so+0x4909c0], sa_mask[0]=0x7ffbfeff, sa_flags=0x10000004
SIGBUS: [libjvm.so+0x4909c0], sa_mask[0]=0x7ffbfeff, sa_flags=0x10000004
SIGFPE: [libjvm.so+0x3a44e0], sa_mask[0]=0x7ffbfeff, sa_flags=0x10000004
SIGPIPE: [libjvm.so+0x3a44e0], sa_mask[0]=0x7ffbfeff, sa_flags=0x10000004
SIGXFSZ: [libjvm.so+0x3a44e0], sa_mask[0]=0x7ffbfeff, sa_flags=0x10000004
SIGILL: [libjvm.so+0x3a44e0], sa_mask[0]=0x7ffbfeff, sa_flags=0x10000004
SIGUSR1: SIG_DFL, sa_mask[0]=0x00000000, sa_flags=0x00000000
SIGUSR2: [libjvm.so+0x3a3dc0], sa_mask[0]=0x00000004, sa_flags=0x10000004
SIGHUP: SIG_DFL, sa_mask[0]=0x00000000, sa_flags=0x00000000
SIGINT: SIG_IGN, sa_mask[0]=0x00000000, sa_flags=0x00000000
SIGTERM: SIG_DFL, sa_mask[0]=0x00000000, sa_flags=0x00000000
SIGQUIT: SIG_DFL, sa_mask[0]=0x00000000, sa_flags=0x00000000


---------------  S Y S T E M  ---------------

OS:squeeze/sid

uname:Linux 2.6.38-8-generic #42-Ubuntu SMP Mon Apr 11 03:31:50 UTC 2011 i686
libc:glibc 2.13 NPTL 2.13 
rlimit: STACK 8192k, CORE 0k, NPROC infinity, NOFILE 4096, AS infinity
load average:0.22 0.12 0.14

/proc/meminfo:
MemTotal:        1015668 kB
MemFree:           33088 kB
Buffers:           28788 kB
Cached:           301704 kB
SwapCached:        24560 kB
Active:           430916 kB
Inactive:         490420 kB
Active(anon):     356704 kB
Inactive(anon):   409076 kB
Active(file):      74212 kB
Inactive(file):    81344 kB
Unevictable:          48 kB
Mlocked:              48 kB
HighTotal:        129612 kB
HighFree:            244 kB
LowTotal:         886056 kB
LowFree:           32844 kB
SwapTotal:        999420 kB
SwapFree:         711632 kB
Dirty:               196 kB
Writeback:             0 kB
AnonPages:        577264 kB
Mapped:            51260 kB
Shmem:            174764 kB
Slab:              24196 kB
SReclaimable:      10648 kB
SUnreclaim:        13548 kB
KernelStack:        3056 kB
PageTables:         7188 kB
NFS_Unstable:          0 kB
Bounce:                0 kB
WritebackTmp:          0 kB
CommitLimit:     1507252 kB
Committed_AS:    2918648 kB
VmallocTotal:     122880 kB
VmallocUsed:       28220 kB
VmallocChunk:      70760 kB
HardwareCorrupted:     0 kB
HugePages_Total:       0
HugePages_Free:        0
HugePages_Rsvd:        0
HugePages_Surp:        0
Hugepagesize:       4096 kB
DirectMap4k:       53240 kB
DirectMap4M:      856064 kB


CPU:total 2 (2 cores per cpu, 1 threads per core) family 6 model 14 stepping 8, cmov, cx8, fxsr, mmx, sse, sse2, sse3, tsc

/proc/cpuinfo:
processor	: 0
vendor_id	: GenuineIntel
cpu family	: 6
model		: 14
model name	: Genuine Intel(R) CPU           T2300  @ 1.66GHz
stepping	: 8
cpu MHz		: 1000.000
cache size	: 2048 KB
physical id	: 0
siblings	: 2
core id		: 0
cpu cores	: 2
apicid		: 0
initial apicid	: 0
fdiv_bug	: no
hlt_bug		: no
f00f_bug	: no
coma_bug	: no
fpu		: yes
fpu_exception	: yes
cpuid level	: 10
wp		: yes
flags		: fpu vme de pse tsc msr pae mce cx8 apic mtrr pge mca cmov clflush dts acpi mmx fxsr sse sse2 ss ht tm pbe nx constant_tsc arch_perfmon bts aperfmperf pni monitor est tm2 xtpr pdcm dts
bogomips	: 3328.62
clflush size	: 64
cache_alignment	: 64
address sizes	: 32 bits physical, 32 bits virtual
power management:

processor	: 1
vendor_id	: GenuineIntel
cpu family	: 6
model		: 14
model name	: Genuine Intel(R) CPU           T2300  @ 1.66GHz
stepping	: 8
cpu MHz		: 1000.000
cache size	: 2048 KB
physical id	: 0
siblings	: 2
core id		: 1
cpu cores	: 2
apicid		: 1
initial apicid	: 1
fdiv_bug	: no
hlt_bug		: no
f00f_bug	: no
coma_bug	: no
fpu		: yes
fpu_exception	: yes
cpuid level	: 10
wp		: yes
flags		: fpu vme de pse tsc msr pae mce cx8 apic mtrr pge mca cmov clflush dts acpi mmx fxsr sse sse2 ss ht tm pbe nx constant_tsc arch_perfmon bts aperfmperf pni monitor est tm2 xtpr pdcm dts
bogomips	: 3329.13
clflush size	: 64
cache_alignment	: 64
address sizes	: 32 bits physical, 32 bits virtual
power management:



Memory: 4k page, physical 1015668k(33088k free), swap 999420k(711632k free)

vm_info: Java HotSpot(TM) Client VM (23.3-b01) for linux-x86 JRE (1.7.0_07-b10), built on Aug 28 2012 18:07:06 by "java_re" with gcc 4.3.0 20080428 (Red Hat 4.3.0-8)

time: Mon Dec 31 16:08:25 2012
elapsed time: 0 seconds

