#
# A fatal error has been detected by the Java Runtime Environment:
#
#  Internal Error (javaClasses.cpp:129), pid=4561, tid=3079289712
#  fatal error: Invalid layout of preloaded class
#
# JRE version: 7.0_07-b10
# Java VM: Java HotSpot(TM) Client VM (23.3-b01 mixed mode linux-x86 )
# Failed to write core dump. Core dumps have been disabled. To enable core dumping, try "ulimit -c unlimited" before starting Java again
#
# If you would like to submit a bug report, please visit:
#   http://bugreport.sun.com/bugreport/crash.jsp
#

---------------  T H R E A D  ---------------

Current thread (0x09a3c000):  JavaThread "Unknown thread" [_thread_in_vm, id=4566, stack(0xb7853000,0xb78a4000)]

Stack: [0xb7853000,0xb78a4000],  sp=0xb78a2dc0,  free space=319k
Native frames: (J=compiled Java code, j=interpreted, Vv=VM code, C=native code)
V  [libjvm.so+0x48fe79]  VMError::report_and_die()+0x199
V  [libjvm.so+0x1c49ec]  report_fatal(char const*, int, char const*)+0x4c
V  [libjvm.so+0x281d80]  compute_offset(int&, klassOopDesc*, Symbol*, Symbol*, bool)+0x110
V  [libjvm.so+0x286314]  java_lang_String::compute_offsets()+0x44
V  [libjvm.so+0x433555]  SystemDictionary::initialize_preloaded_classes(Thread*)+0x225
V  [libjvm.so+0x4711a8]  Universe::genesis(Thread*)+0x3f8
V  [libjvm.so+0x47161f]  universe2_init()+0x1f
V  [libjvm.so+0x247eb0]  init_globals()+0xa0
V  [libjvm.so+0x462979]  Threads::create_vm(JavaVMInitArgs*, bool*)+0x1f9
V  [libjvm.so+0x28f8fc]  JNI_CreateJavaVM+0x5c
C  [libjli.so+0x2a61]  JavaMain+0xa1
C  [libpthread.so.0+0x5e99]  start_thread+0xd9


---------------  P R O C E S S  ---------------

Java Threads: ( => current thread )

Other Threads:

=>0x09a3c000 (exited) JavaThread "Unknown thread" [_thread_in_vm, id=4566, stack(0xb7853000,0xb78a4000)]

VM state:not at safepoint (not fully initialized)

VM Mutex/Monitor currently owned by a thread: None

GC Heap History (0 events):
No events

Deoptimization events (0 events):
No events

Internal exceptions (0 events):
No events

Events (10 events):
Event: 0.108 loading class 0x09a63b98 done
Event: 0.109 loading class 0x09a634d8 done
Event: 0.109 loading class 0x09a634b0
Event: 0.115 loading class 0x09a83218
Event: 0.116 loading class 0x09a83218 done
Event: 0.116 loading class 0x09a83250
Event: 0.116 loading class 0x09a83250 done
Event: 0.116 loading class 0x09a83288
Event: 0.116 loading class 0x09a83288 done
Event: 0.117 loading class 0x09a634b0 done


Dynamic libraries:
00110000-00133000 r-xp 00000000 08:05 810412     /usr/lib/jvm/java-7-oracle/jre/lib/i386/libjava.so
00133000-00134000 rw-p 00023000 08:05 810412     /usr/lib/jvm/java-7-oracle/jre/lib/i386/libjava.so
00134000-0013a000 r-xp 00000000 08:05 277293     /lib/i386-linux-gnu/libnss_compat-2.13.so
0013a000-0013b000 r--p 00005000 08:05 277293     /lib/i386-linux-gnu/libnss_compat-2.13.so
0013b000-0013c000 rw-p 00006000 08:05 277293     /lib/i386-linux-gnu/libnss_compat-2.13.so
001dd000-001e6000 r-xp 00000000 08:05 277297     /lib/i386-linux-gnu/libnss_nis-2.13.so
001e6000-001e7000 r--p 00008000 08:05 277297     /lib/i386-linux-gnu/libnss_nis-2.13.so
001e7000-001e8000 rw-p 00009000 08:05 277297     /lib/i386-linux-gnu/libnss_nis-2.13.so
0024f000-003ab000 r-xp 00000000 08:05 276955     /lib/i386-linux-gnu/libc-2.13.so
003ab000-003ad000 r--p 0015c000 08:05 276955     /lib/i386-linux-gnu/libc-2.13.so
003ad000-003ae000 rw-p 0015e000 08:05 276955     /lib/i386-linux-gnu/libc-2.13.so
003ae000-003b1000 rw-p 00000000 00:00 0 
004a3000-004b6000 r-xp 00000000 08:05 810416     /usr/lib/jvm/java-7-oracle/jre/lib/i386/jli/libjli.so
004b6000-004b7000 rw-p 00012000 08:05 810416     /usr/lib/jvm/java-7-oracle/jre/lib/i386/jli/libjli.so
0054e000-00565000 r-xp 00000000 08:05 810450     /usr/lib/jvm/java-7-oracle/jre/lib/i386/libzip.so
00565000-00566000 rw-p 00017000 08:05 810450     /usr/lib/jvm/java-7-oracle/jre/lib/i386/libzip.so
0056e000-00592000 r-xp 00000000 08:05 277220     /lib/i386-linux-gnu/libm-2.13.so
00592000-00593000 r--p 00023000 08:05 277220     /lib/i386-linux-gnu/libm-2.13.so
00593000-00594000 rw-p 00024000 08:05 277220     /lib/i386-linux-gnu/libm-2.13.so
00706000-00707000 r-xp 00000000 00:00 0          [vdso]
00850000-00857000 r-xp 00000000 08:05 277339     /lib/i386-linux-gnu/librt-2.13.so
00857000-00858000 r--p 00006000 08:05 277339     /lib/i386-linux-gnu/librt-2.13.so
00858000-00859000 rw-p 00007000 08:05 277339     /lib/i386-linux-gnu/librt-2.13.so
0086f000-00871000 r-xp 00000000 08:05 277218     /lib/i386-linux-gnu/libdl-2.13.so
00871000-00872000 r--p 00001000 08:05 277218     /lib/i386-linux-gnu/libdl-2.13.so
00872000-00873000 rw-p 00002000 08:05 277218     /lib/i386-linux-gnu/libdl-2.13.so
00881000-00896000 r-xp 00000000 08:05 277336     /lib/i386-linux-gnu/libpthread-2.13.so
00896000-00897000 r--p 00015000 08:05 277336     /lib/i386-linux-gnu/libpthread-2.13.so
00897000-00898000 rw-p 00016000 08:05 277336     /lib/i386-linux-gnu/libpthread-2.13.so
00898000-0089a000 rw-p 00000000 00:00 0 
00a1d000-00a28000 r-xp 00000000 08:05 810394     /usr/lib/jvm/java-7-oracle/jre/lib/i386/libverify.so
00a28000-00a29000 rw-p 0000b000 08:05 810394     /usr/lib/jvm/java-7-oracle/jre/lib/i386/libverify.so
00b50000-00b63000 r-xp 00000000 08:05 277292     /lib/i386-linux-gnu/libnsl-2.13.so
00b63000-00b64000 r--p 00012000 08:05 277292     /lib/i386-linux-gnu/libnsl-2.13.so
00b64000-00b65000 rw-p 00013000 08:05 277292     /lib/i386-linux-gnu/libnsl-2.13.so
00b65000-00b67000 rw-p 00000000 00:00 0 
00c54000-00c5e000 r-xp 00000000 08:05 277295     /lib/i386-linux-gnu/libnss_files-2.13.so
00c5e000-00c5f000 r--p 00009000 08:05 277295     /lib/i386-linux-gnu/libnss_files-2.13.so
00c5f000-00c60000 rw-p 0000a000 08:05 277295     /lib/i386-linux-gnu/libnss_files-2.13.so
00d87000-00da3000 r-xp 00000000 08:05 276047     /lib/i386-linux-gnu/ld-2.13.so
00da3000-00da4000 r--p 0001b000 08:05 276047     /lib/i386-linux-gnu/ld-2.13.so
00da4000-00da5000 rw-p 0001c000 08:05 276047     /lib/i386-linux-gnu/ld-2.13.so
00da5000-012b8000 r-xp 00000000 08:05 810407     /usr/lib/jvm/java-7-oracle/jre/lib/i386/client/libjvm.so
012b8000-012d5000 rw-p 00513000 08:05 810407     /usr/lib/jvm/java-7-oracle/jre/lib/i386/client/libjvm.so
012d5000-016f4000 rw-p 00000000 00:00 0 
08048000-08049000 r-xp 00000000 08:05 809877     /usr/lib/jvm/java-7-oracle/bin/java
08049000-0804a000 rw-p 00000000 08:05 809877     /usr/lib/jvm/java-7-oracle/bin/java
09a35000-09a98000 rw-p 00000000 00:00 0          [heap]
a1cad000-a1dfd000 rw-p 00000000 00:00 0 
a1dfd000-a1ebf000 r--s 010b9000 08:05 1193875    /home/tlchack5/android-sdk-linux/platforms/android-16/android.jar
a1ebf000-a1ec6000 rw-p 00000000 00:00 0 
a1ec6000-a1ee0000 rw-p 00000000 00:00 0 
a1ee0000-a1ee6000 rw-p 00000000 00:00 0 
a1ee6000-a1f33000 rw-p 00000000 00:00 0 
a1f33000-a1f36000 rw-p 00000000 00:00 0 
a1f36000-a1f5c000 rw-p 00000000 00:00 0 
a1f5c000-a1f62000 rw-p 00000000 00:00 0 
a1f62000-a1faf000 rw-p 00000000 00:00 0 
a1faf000-a1fb5000 rw-p 00000000 00:00 0 
a1fb5000-a1fcf000 rw-p 00000000 00:00 0 
a1fcf000-a24f0000 rw-p 00000000 00:00 0 
a24f0000-a7270000 rw-p 00000000 00:00 0 
a7270000-a7cd0000 rw-p 00000000 00:00 0 
a7cd0000-b17d0000 rw-p 00000000 00:00 0 
b17d0000-b23d0000 rw-p 00000000 00:00 0 
b23d0000-b57d0000 rw-p 00000000 00:00 0 
b57d3000-b57d4000 rw-p 00000000 00:00 0 
b57d4000-b5853000 rw-p 00000000 00:00 0 
b5853000-b5883000 rwxp 00000000 00:00 0 
b5883000-b7853000 rw-p 00000000 00:00 0 
b7853000-b7856000 ---p 00000000 00:00 0 
b7856000-b78a6000 rw-p 00000000 00:00 0 
b78b2000-b78ba000 rw-s 00000000 08:05 920937     /tmp/hsperfdata_tlchack5/4561
b78ba000-b78bb000 rw-p 00000000 00:00 0 
b78bb000-b78bc000 r--p 00000000 00:00 0 
b78bc000-b78be000 rw-p 00000000 00:00 0 
bf993000-bf9b4000 rw-p 00000000 00:00 0          [stack]

VM Arguments:
jvm_args: -Dfile.encoding=UTF-8 -Xbootclasspath:/home/tlchack5/android-sdk-linux/platforms/android-16/android.jar 
java_command: Calendar
Launcher Type: SUN_STANDARD

Environment Variables:
PATH=/home/tlchack5/bin:/usr/local/sbin:/usr/local/bin:/usr/sbin:/usr/bin:/sbin:/bin:/usr/games:/usr/local/go/bin
USERNAME=tlchack5
LD_LIBRARY_PATH=/usr/lib/jvm/java-7-oracle/jre/lib/i386/client:/usr/lib/jvm/java-7-oracle/jre/lib/i386:
SHELL=/bin/bash
DISPLAY=:0

Signal Handlers:
SIGSEGV: [libjvm.so+0x4909c0], sa_mask[0]=0x7ffbfeff, sa_flags=0x10000004
SIGBUS: [libjvm.so+0x4909c0], sa_mask[0]=0x7ffbfeff, sa_flags=0x10000004
SIGFPE: [libjvm.so+0x3a44e0], sa_mask[0]=0x7ffbfeff, sa_flags=0x10000004
SIGPIPE: [libjvm.so+0x3a44e0], sa_mask[0]=0x7ffbfeff, sa_flags=0x10000004
SIGXFSZ: [libjvm.so+0x3a44e0], sa_mask[0]=0x7ffbfeff, sa_flags=0x10000004
SIGILL: [libjvm.so+0x3a44e0], sa_mask[0]=0x7ffbfeff, sa_flags=0x10000004
SIGUSR1: SIG_DFL, sa_mask[0]=0x00000000, sa_flags=0x00000000
SIGUSR2: [libjvm.so+0x3a3dc0], sa_mask[0]=0x00000004, sa_flags=0x10000004
SIGHUP: SIG_DFL, sa_mask[0]=0x00000000, sa_flags=0x00000000
SIGINT: SIG_IGN, sa_mask[0]=0x00000000, sa_flags=0x00000000
SIGTERM: SIG_DFL, sa_mask[0]=0x00000000, sa_flags=0x00000000
SIGQUIT: SIG_DFL, sa_mask[0]=0x00000000, sa_flags=0x00000000


---------------  S Y S T E M  ---------------

OS:squeeze/sid

uname:Linux 2.6.38-8-generic #42-Ubuntu SMP Mon Apr 11 03:31:50 UTC 2011 i686
libc:glibc 2.13 NPTL 2.13 
rlimit: STACK 8192k, CORE 0k, NPROC infinity, NOFILE 4096, AS infinity
load average:0.63 0.34 0.25

/proc/meminfo:
MemTotal:        1015668 kB
MemFree:           37004 kB
Buffers:           20932 kB
Cached:           308540 kB
SwapCached:        15924 kB
Active:           441452 kB
Inactive:         476096 kB
Active(anon):     340200 kB
Inactive(anon):   368600 kB
Active(file):     101252 kB
Inactive(file):   107496 kB
Unevictable:          48 kB
Mlocked:              48 kB
HighTotal:        129612 kB
HighFree:            248 kB
LowTotal:         886056 kB
LowFree:           36756 kB
SwapTotal:        999420 kB
SwapFree:         867332 kB
Dirty:              1644 kB
Writeback:             0 kB
AnonPages:        578908 kB
Mapped:            50684 kB
Shmem:            120392 kB
Slab:              24528 kB
SReclaimable:      11220 kB
SUnreclaim:        13308 kB
KernelStack:        3016 kB
PageTables:         6744 kB
NFS_Unstable:          0 kB
Bounce:                0 kB
WritebackTmp:          0 kB
CommitLimit:     1507252 kB
Committed_AS:    2561044 kB
VmallocTotal:     122880 kB
VmallocUsed:       28184 kB
VmallocChunk:      81912 kB
HardwareCorrupted:     0 kB
HugePages_Total:       0
HugePages_Free:        0
HugePages_Rsvd:        0
HugePages_Surp:        0
Hugepagesize:       4096 kB
DirectMap4k:       53240 kB
DirectMap4M:      856064 kB


CPU:total 2 (2 cores per cpu, 1 threads per core) family 6 model 14 stepping 8, cmov, cx8, fxsr, mmx, sse, sse2, sse3, tsc

/proc/cpuinfo:
processor	: 0
vendor_id	: GenuineIntel
cpu family	: 6
model		: 14
model name	: Genuine Intel(R) CPU           T2300  @ 1.66GHz
stepping	: 8
cpu MHz		: 1000.000
cache size	: 2048 KB
physical id	: 0
siblings	: 2
core id		: 0
cpu cores	: 2
apicid		: 0
initial apicid	: 0
fdiv_bug	: no
hlt_bug		: no
f00f_bug	: no
coma_bug	: no
fpu		: yes
fpu_exception	: yes
cpuid level	: 10
wp		: yes
flags		: fpu vme de pse tsc msr pae mce cx8 apic mtrr pge mca cmov clflush dts acpi mmx fxsr sse sse2 ss ht tm pbe nx constant_tsc arch_perfmon bts aperfmperf pni monitor est tm2 xtpr pdcm dts
bogomips	: 3328.62
clflush size	: 64
cache_alignment	: 64
address sizes	: 32 bits physical, 32 bits virtual
power management:

processor	: 1
vendor_id	: GenuineIntel
cpu family	: 6
model		: 14
model name	: Genuine Intel(R) CPU           T2300  @ 1.66GHz
stepping	: 8
cpu MHz		: 1000.000
cache size	: 2048 KB
physical id	: 0
siblings	: 2
core id		: 1
cpu cores	: 2
apicid		: 1
initial apicid	: 1
fdiv_bug	: no
hlt_bug		: no
f00f_bug	: no
coma_bug	: no
fpu		: yes
fpu_exception	: yes
cpuid level	: 10
wp		: yes
flags		: fpu vme de pse tsc msr pae mce cx8 apic mtrr pge mca cmov clflush dts acpi mmx fxsr sse sse2 ss ht tm pbe nx constant_tsc arch_perfmon bts aperfmperf pni monitor est tm2 xtpr pdcm dts
bogomips	: 3329.13
clflush size	: 64
cache_alignment	: 64
address sizes	: 32 bits physical, 32 bits virtual
power management:



Memory: 4k page, physical 1015668k(37004k free), swap 999420k(867332k free)

vm_info: Java HotSpot(TM) Client VM (23.3-b01) for linux-x86 JRE (1.7.0_07-b10), built on Aug 28 2012 18:07:06 by "java_re" with gcc 4.3.0 20080428 (Red Hat 4.3.0-8)

time: Mon Dec 31 12:49:05 2012
elapsed time: 0 seconds

